<?xml version="1.0" encoding="UTF-8" ?>
<testsuite tests="8" failures="0" name="steps.RunFeaturesTest" time="0.052" errors="4" skipped="0">
  <properties>
[...]
</properties>
  <testcase classname="| cucumber | https://en.wikipedia.org/wiki/Cucumber |" name="Given go to google webpage" time="0.013"/>
  <testcase classname="| cucumber | https://en.wikipedia.org/wiki/Cucumber |" name="Then search for the keyword &quot;cucumber&quot;" time="0.001"/>
  <testcase classname="| cucumber | https://en.wikipedia.org/wiki/Cucumber |" name="Then click on the &quot;https://en.wikipedia.org/wiki/Cucumber&quot;" time="0.017">
    <error message="The given selector .//a[@href=&apos;&apos;https://en.wikipedia.org/wiki/Cucumber] is either invalid or does not result in a WebElement. The following error occurred:
InvalidSelectorError: Unable to locate an element with the xpath expression .//a[@href=&apos;&apos;https://en.wikipedia.org/wiki/Cucumber] because of the following error:
[Exception... &quot;The expression is not a legal expression.&quot;  code: &quot;12&quot; nsresult: &quot;0x805b0033 (SyntaxError)&quot;  location: &quot;&lt;unknown&gt;&quot;]
Command duration or timeout: 19 milliseconds
For documentation on this error, please visit: http://seleniumhq.org/exceptions/invalid_selector_exception.html
Build info: version: &apos;2.41.0&apos;, revision: &apos;3192d8a6c4449dc285928ba024779344f5423c58&apos;, time: &apos;2014-03-27 11:29:39&apos;
System info: host: &apos;IGTSGGN1ITS2076&apos;, ip: &apos;172.32.19.26&apos;, os.name: &apos;Windows 7&apos;, os.arch: &apos;amd64&apos;, os.version: &apos;6.1&apos;, java.version: &apos;1.8.0_92&apos;
Driver info: org.openqa.selenium.firefox.FirefoxDriver
Capabilities [{applicationCacheEnabled=true, rotatable=false, handlesAlerts=true, databaseEnabled=true, version=29.0, platform=XP, browserConnectionEnabled=true, nativeEvents=false, acceptSslCerts=true, webStorageEnabled=true, locationContextEnabled=true, browserName=firefox, takesScreenshot=true, javascriptEnabled=true, cssSelectorsEnabled=true}]
Session ID: d6d6de28-cc6b-401d-ad97-11c1bbc8fcc7" type="org.openqa.selenium.InvalidSelectorException">org.openqa.selenium.InvalidSelectorException: The given selector .//a[@href=&apos;&apos;https://en.wikipedia.org/wiki/Cucumber] is either invalid or does not result in a WebElement. The following error occurred:
InvalidSelectorError: Unable to locate an element with the xpath expression .//a[@href=&apos;&apos;https://en.wikipedia.org/wiki/Cucumber] because of the following error:
[Exception... &quot;The expression is not a legal expression.&quot;  code: &quot;12&quot; nsresult: &quot;0x805b0033 (SyntaxError)&quot;  location: &quot;&lt;unknown&gt;&quot;]
Command duration or timeout: 19 milliseconds
For documentation on this error, please visit: http://seleniumhq.org/exceptions/invalid_selector_exception.html
Build info: version: &apos;2.41.0&apos;, revision: &apos;3192d8a6c4449dc285928ba024779344f5423c58&apos;, time: &apos;2014-03-27 11:29:39&apos;
System info: host: &apos;IGTSGGN1ITS2076&apos;, ip: &apos;172.32.19.26&apos;, os.name: &apos;Windows 7&apos;, os.arch: &apos;amd64&apos;, os.version: &apos;6.1&apos;, java.version: &apos;1.8.0_92&apos;
Driver info: org.openqa.selenium.firefox.FirefoxDriver
Capabilities [{applicationCacheEnabled=true, rotatable=false, handlesAlerts=true, databaseEnabled=true, version=29.0, platform=XP, browserConnectionEnabled=true, nativeEvents=false, acceptSslCerts=true, webStorageEnabled=true, locationContextEnabled=true, browserName=firefox, takesScreenshot=true, javascriptEnabled=true, cssSelectorsEnabled=true}]
Session ID: d6d6de28-cc6b-401d-ad97-11c1bbc8fcc7
	at sun.reflect.NativeConstructorAccessorImpl.newInstance0(Native Method)
	at sun.reflect.NativeConstructorAccessorImpl.newInstance(NativeConstructorAccessorImpl.java:62)
	at sun.reflect.DelegatingConstructorAccessorImpl.newInstance(DelegatingConstructorAccessorImpl.java:45)
	at java.lang.reflect.Constructor.newInstance(Constructor.java:423)
	at org.openqa.selenium.remote.ErrorHandler.createThrowable(ErrorHandler.java:193)
	at org.openqa.selenium.remote.ErrorHandler.throwIfResponseFailed(ErrorHandler.java:145)
	at org.openqa.selenium.remote.RemoteWebDriver.execute(RemoteWebDriver.java:595)
	at org.openqa.selenium.remote.RemoteWebDriver.findElement(RemoteWebDriver.java:348)
	at org.openqa.selenium.remote.RemoteWebDriver.findElementByXPath(RemoteWebDriver.java:445)
	at org.openqa.selenium.By$ByXPath.findElement(By.java:357)
	at org.openqa.selenium.remote.RemoteWebDriver.findElement(RemoteWebDriver.java:340)
	at steps.DemoforCucumebr.clickOnThe(DemoforCucumebr.java:40)
	at ✽.Then click on the &quot;https://en.wikipedia.org/wiki/Cucumber&quot;(cucumberDemo.feature:7)
Caused by: org.openqa.selenium.remote.ErrorHandler$UnknownServerException: The given selector .//a[@href=&apos;&apos;https://en.wikipedia.org/wiki/Cucumber] is either invalid or does not result in a WebElement. The following error occurred:
InvalidSelectorError: Unable to locate an element with the xpath expression .//a[@href=&apos;&apos;https://en.wikipedia.org/wiki/Cucumber] because of the following error:
[Exception... &quot;The expression is not a legal expression.&quot;  code: &quot;12&quot; nsresult: &quot;0x805b0033 (SyntaxError)&quot;  location: &quot;&lt;unknown&gt;&quot;]
Build info: version: &apos;2.41.0&apos;, revision: &apos;3192d8a6c4449dc285928ba024779344f5423c58&apos;, time: &apos;2014-03-27 11:29:39&apos;
System info: host: &apos;IGTSGGN1ITS2076&apos;, ip: &apos;172.32.19.26&apos;, os.name: &apos;Windows 7&apos;, os.arch: &apos;amd64&apos;, os.version: &apos;6.1&apos;, java.version: &apos;1.8.0_92&apos;
Driver info: driver.version: unknown
	at &lt;anonymous class&gt;.FirefoxDriver.annotateInvalidSelectorError_(file:///C:/Users/NAVEEN~1.SIN/AppData/Local/Temp/anonymous8638695762448091323webdriver-profile/extensions/fxdriver@googlecode.com/components/driver_component.js:8879)
	at &lt;anonymous class&gt;.FirefoxDriver.prototype.findElementInternal_(file:///C:/Users/NAVEEN~1.SIN/AppData/Local/Temp/anonymous8638695762448091323webdriver-profile/extensions/fxdriver@googlecode.com/components/driver_component.js:8910)
	at &lt;anonymous class&gt;.FirefoxDriver.prototype.findElement(file:///C:/Users/NAVEEN~1.SIN/AppData/Local/Temp/anonymous8638695762448091323webdriver-profile/extensions/fxdriver@googlecode.com/components/driver_component.js:8914)
	at &lt;anonymous class&gt;.DelayedCommand.prototype.executeInternal_/h(file:///C:/Users/NAVEEN~1.SIN/AppData/Local/Temp/anonymous8638695762448091323webdriver-profile/extensions/fxdriver@googlecode.com/components/command_processor.js:10884)
	at &lt;anonymous class&gt;.DelayedCommand.prototype.executeInternal_(file:///C:/Users/NAVEEN~1.SIN/AppData/Local/Temp/anonymous8638695762448091323webdriver-profile/extensions/fxdriver@googlecode.com/components/command_processor.js:10889)
	at &lt;anonymous class&gt;.DelayedCommand.prototype.execute/&lt;(file:///C:/Users/NAVEEN~1.SIN/AppData/Local/Temp/anonymous8638695762448091323webdriver-profile/extensions/fxdriver@googlecode.com/components/command_processor.js:10831)
</error>
  </testcase>
  <testcase classname="| cucumber | https://en.wikipedia.org/wiki/Cucumber |" name="| cucumber | https://en.wikipedia.org/wiki/Cucumber |" time="0.018">
    <error message="The given selector .//a[@href=&apos;&apos;https://en.wikipedia.org/wiki/Cucumber] is either invalid or does not result in a WebElement. The following error occurred:
InvalidSelectorError: Unable to locate an element with the xpath expression .//a[@href=&apos;&apos;https://en.wikipedia.org/wiki/Cucumber] because of the following error:
[Exception... &quot;The expression is not a legal expression.&quot;  code: &quot;12&quot; nsresult: &quot;0x805b0033 (SyntaxError)&quot;  location: &quot;&lt;unknown&gt;&quot;]
Command duration or timeout: 19 milliseconds
For documentation on this error, please visit: http://seleniumhq.org/exceptions/invalid_selector_exception.html
Build info: version: &apos;2.41.0&apos;, revision: &apos;3192d8a6c4449dc285928ba024779344f5423c58&apos;, time: &apos;2014-03-27 11:29:39&apos;
System info: host: &apos;IGTSGGN1ITS2076&apos;, ip: &apos;172.32.19.26&apos;, os.name: &apos;Windows 7&apos;, os.arch: &apos;amd64&apos;, os.version: &apos;6.1&apos;, java.version: &apos;1.8.0_92&apos;
Driver info: org.openqa.selenium.firefox.FirefoxDriver
Capabilities [{applicationCacheEnabled=true, rotatable=false, handlesAlerts=true, databaseEnabled=true, version=29.0, platform=XP, browserConnectionEnabled=true, nativeEvents=false, acceptSslCerts=true, webStorageEnabled=true, locationContextEnabled=true, browserName=firefox, takesScreenshot=true, javascriptEnabled=true, cssSelectorsEnabled=true}]
Session ID: d6d6de28-cc6b-401d-ad97-11c1bbc8fcc7" type="org.openqa.selenium.InvalidSelectorException">org.openqa.selenium.InvalidSelectorException: The given selector .//a[@href=&apos;&apos;https://en.wikipedia.org/wiki/Cucumber] is either invalid or does not result in a WebElement. The following error occurred:
InvalidSelectorError: Unable to locate an element with the xpath expression .//a[@href=&apos;&apos;https://en.wikipedia.org/wiki/Cucumber] because of the following error:
[Exception... &quot;The expression is not a legal expression.&quot;  code: &quot;12&quot; nsresult: &quot;0x805b0033 (SyntaxError)&quot;  location: &quot;&lt;unknown&gt;&quot;]
Command duration or timeout: 19 milliseconds
For documentation on this error, please visit: http://seleniumhq.org/exceptions/invalid_selector_exception.html
Build info: version: &apos;2.41.0&apos;, revision: &apos;3192d8a6c4449dc285928ba024779344f5423c58&apos;, time: &apos;2014-03-27 11:29:39&apos;
System info: host: &apos;IGTSGGN1ITS2076&apos;, ip: &apos;172.32.19.26&apos;, os.name: &apos;Windows 7&apos;, os.arch: &apos;amd64&apos;, os.version: &apos;6.1&apos;, java.version: &apos;1.8.0_92&apos;
Driver info: org.openqa.selenium.firefox.FirefoxDriver
Capabilities [{applicationCacheEnabled=true, rotatable=false, handlesAlerts=true, databaseEnabled=true, version=29.0, platform=XP, browserConnectionEnabled=true, nativeEvents=false, acceptSslCerts=true, webStorageEnabled=true, locationContextEnabled=true, browserName=firefox, takesScreenshot=true, javascriptEnabled=true, cssSelectorsEnabled=true}]
Session ID: d6d6de28-cc6b-401d-ad97-11c1bbc8fcc7
	at sun.reflect.NativeConstructorAccessorImpl.newInstance0(Native Method)
	at sun.reflect.NativeConstructorAccessorImpl.newInstance(NativeConstructorAccessorImpl.java:62)
	at sun.reflect.DelegatingConstructorAccessorImpl.newInstance(DelegatingConstructorAccessorImpl.java:45)
	at java.lang.reflect.Constructor.newInstance(Constructor.java:423)
	at org.openqa.selenium.remote.ErrorHandler.createThrowable(ErrorHandler.java:193)
	at org.openqa.selenium.remote.ErrorHandler.throwIfResponseFailed(ErrorHandler.java:145)
	at org.openqa.selenium.remote.RemoteWebDriver.execute(RemoteWebDriver.java:595)
	at org.openqa.selenium.remote.RemoteWebDriver.findElement(RemoteWebDriver.java:348)
	at org.openqa.selenium.remote.RemoteWebDriver.findElementByXPath(RemoteWebDriver.java:445)
	at org.openqa.selenium.By$ByXPath.findElement(By.java:357)
	at org.openqa.selenium.remote.RemoteWebDriver.findElement(RemoteWebDriver.java:340)
	at steps.DemoforCucumebr.clickOnThe(DemoforCucumebr.java:40)
	at ✽.Then click on the &quot;https://en.wikipedia.org/wiki/Cucumber&quot;(cucumberDemo.feature:7)
Caused by: org.openqa.selenium.remote.ErrorHandler$UnknownServerException: The given selector .//a[@href=&apos;&apos;https://en.wikipedia.org/wiki/Cucumber] is either invalid or does not result in a WebElement. The following error occurred:
InvalidSelectorError: Unable to locate an element with the xpath expression .//a[@href=&apos;&apos;https://en.wikipedia.org/wiki/Cucumber] because of the following error:
[Exception... &quot;The expression is not a legal expression.&quot;  code: &quot;12&quot; nsresult: &quot;0x805b0033 (SyntaxError)&quot;  location: &quot;&lt;unknown&gt;&quot;]
Build info: version: &apos;2.41.0&apos;, revision: &apos;3192d8a6c4449dc285928ba024779344f5423c58&apos;, time: &apos;2014-03-27 11:29:39&apos;
System info: host: &apos;IGTSGGN1ITS2076&apos;, ip: &apos;172.32.19.26&apos;, os.name: &apos;Windows 7&apos;, os.arch: &apos;amd64&apos;, os.version: &apos;6.1&apos;, java.version: &apos;1.8.0_92&apos;
Driver info: driver.version: unknown
	at &lt;anonymous class&gt;.FirefoxDriver.annotateInvalidSelectorError_(file:///C:/Users/NAVEEN~1.SIN/AppData/Local/Temp/anonymous8638695762448091323webdriver-profile/extensions/fxdriver@googlecode.com/components/driver_component.js:8879)
	at &lt;anonymous class&gt;.FirefoxDriver.prototype.findElementInternal_(file:///C:/Users/NAVEEN~1.SIN/AppData/Local/Temp/anonymous8638695762448091323webdriver-profile/extensions/fxdriver@googlecode.com/components/driver_component.js:8910)
	at &lt;anonymous class&gt;.FirefoxDriver.prototype.findElement(file:///C:/Users/NAVEEN~1.SIN/AppData/Local/Temp/anonymous8638695762448091323webdriver-profile/extensions/fxdriver@googlecode.com/components/driver_component.js:8914)
	at &lt;anonymous class&gt;.DelayedCommand.prototype.executeInternal_/h(file:///C:/Users/NAVEEN~1.SIN/AppData/Local/Temp/anonymous8638695762448091323webdriver-profile/extensions/fxdriver@googlecode.com/components/command_processor.js:10884)
	at &lt;anonymous class&gt;.DelayedCommand.prototype.executeInternal_(file:///C:/Users/NAVEEN~1.SIN/AppData/Local/Temp/anonymous8638695762448091323webdriver-profile/extensions/fxdriver@googlecode.com/components/command_processor.js:10889)
	at &lt;anonymous class&gt;.DelayedCommand.prototype.execute/&lt;(file:///C:/Users/NAVEEN~1.SIN/AppData/Local/Temp/anonymous8638695762448091323webdriver-profile/extensions/fxdriver@googlecode.com/components/command_processor.js:10831)
</error>
  </testcase>
  <testcase classname="Given go to google webpage(| selenium | https://www.google.co.in/url?sa=t&amp;rct=j&amp;q=&amp;esrc=s&amp;source=web&amp;cd=4&amp;cad=rja&amp;uact=8&amp;ved=0ahUKEwix_Ymr8PfXAhWBeCYKHT0wAaQQFghBMAM&amp;url=https%3A%2F%2Fen.wikipedia.org%2Fwiki%2FSelenium_(software)&amp;usg=AOvVaw1yXYA0TfNZVvBYIIiTpKL3 |)" name="Given go to google webpage(| selenium | https://www.google.co.in/url?sa=t&amp;rct=j&amp;q=&amp;esrc=s&amp;source=web&amp;cd=4&amp;cad=rja&amp;uact=8&amp;ved=0ahUKEwix_Ymr8PfXAhWBeCYKHT0wAaQQFghBMAM&amp;url=https%3A%2F%2Fen.wikipedia.org%2Fwiki%2FSelenium_" time="0"/>
  <testcase classname="Then search for the keyword &quot;selenium&quot;(| selenium | https://www.google.co.in/url?sa=t&amp;rct=j&amp;q=&amp;esrc=s&amp;source=web&amp;cd=4&amp;cad=rja&amp;uact=8&amp;ved=0ahUKEwix_Ymr8PfXAhWBeCYKHT0wAaQQFghBMAM&amp;url=https%3A%2F%2Fen.wikipedia.org%2Fwiki%2FSelenium_(software)&amp;usg=AOvVaw1yXYA0TfNZVvBYIIiTpKL3 |)" name="Then search for the keyword &quot;selenium&quot;(| selenium | https://www.google.co.in/url?sa=t&amp;rct=j&amp;q=&amp;esrc=s&amp;source=web&amp;cd=4&amp;cad=rja&amp;uact=8&amp;ved=0ahUKEwix_Ymr8PfXAhWBeCYKHT0wAaQQFghBMAM&amp;url=https%3A%2F%2Fen.wikipedia.org%2Fwiki%2FSelenium_" time="0"/>
  <testcase classname="Then click on the &quot;https://www.google.co.in/url?sa=t&amp;rct=j&amp;q=&amp;esrc=s&amp;source=web&amp;cd=4&amp;cad=rja&amp;uact=8&amp;ved=0ahUKEwix_Ymr8PfXAhWBeCYKHT0wAaQQFghBMAM&amp;url=https%3A%2F%2Fen.wikipedia.org%2Fwiki%2FSelenium_(software)&amp;usg=AOvVaw1yXYA0TfNZVvBYIIiTpKL3&quot;(| selenium | https://www.google.co.in/url?sa=t&amp;rct=j&amp;q=&amp;esrc=s&amp;source=web&amp;cd=4&amp;cad=rja&amp;uact=8&amp;ved=0ahUKEwix_Ymr8PfXAhWBeCYKHT0wAaQQFghBMAM&amp;url=https%3A%2F%2Fen.wikipedia.org%2Fwiki%2FSelenium_(software)&amp;usg=AOvVaw1yXYA0TfNZVvBYIIiTpKL3 |)" name="Then click on the &quot;https://www.google.co.in/url?sa=t&amp;rct=j&amp;q=&amp;esrc=s&amp;source=web&amp;cd=4&amp;cad=rja&amp;uact=8&amp;ved=0ahUKEwix_Ymr8PfXAhWBeCYKHT0wAaQQFghBMAM&amp;url=https%3A%2F%2Fen.wikipedia.org%2Fwiki%2FSelenium_(software)&amp;usg=AOvVaw1yXYA0TfNZVvBYIIiTpKL3&quot;(| selenium | https://www.google.co.in/url?sa=t&amp;rct=j&amp;q=&amp;esrc=s&amp;source=web&amp;cd=4&amp;cad=rja&amp;uact=8&amp;ved=0ahUKEwix_Ymr8PfXAhWBeCYKHT0wAaQQFghBMAM&amp;url=https%3A%2F%2Fen.wikipedia.org%2Fwiki%2FSelenium_" time="0.001">
    <error message="The given selector .//a[@href=&apos;&apos;https://www.google.co.in/url?sa=t&amp;rct=j&amp;q=&amp;esrc=s&amp;source=web&amp;cd=4&amp;cad=rja&amp;uact=8&amp;ved=0ahUKEwix_Ymr8PfXAhWBeCYKHT0wAaQQFghBMAM&amp;url=https%3A%2F%2Fen.wikipedia.org%2Fwiki%2FSelenium_(software)&amp;usg=AOvVaw1yXYA0TfNZVvBYIIiTpKL3] is either invalid or does not result in a WebElement. The following error occurred:
InvalidSelectorError: Unable to locate an element with the xpath expression .//a[@href=&apos;&apos;https://www.google.co.in/url?sa=t&amp;rct=j&amp;q=&amp;esrc=s&amp;source=web&amp;cd=4&amp;cad=rja&amp;uact=8&amp;ved=0ahUKEwix_Ymr8PfXAhWBeCYKHT0wAaQQFghBMAM&amp;url=https%3A%2F%2Fen.wikipedia.org%2Fwiki%2FSelenium_(software)&amp;usg=AOvVaw1yXYA0TfNZVvBYIIiTpKL3] because of the following error:
[Exception... &quot;The expression is not a legal expression.&quot;  code: &quot;12&quot; nsresult: &quot;0x805b0033 (SyntaxError)&quot;  location: &quot;&lt;unknown&gt;&quot;]
Command duration or timeout: 618 milliseconds
For documentation on this error, please visit: http://seleniumhq.org/exceptions/invalid_selector_exception.html
Build info: version: &apos;2.41.0&apos;, revision: &apos;3192d8a6c4449dc285928ba024779344f5423c58&apos;, time: &apos;2014-03-27 11:29:39&apos;
System info: host: &apos;IGTSGGN1ITS2076&apos;, ip: &apos;172.32.19.26&apos;, os.name: &apos;Windows 7&apos;, os.arch: &apos;amd64&apos;, os.version: &apos;6.1&apos;, java.version: &apos;1.8.0_92&apos;
Driver info: org.openqa.selenium.firefox.FirefoxDriver
Capabilities [{applicationCacheEnabled=true, rotatable=false, handlesAlerts=true, databaseEnabled=true, version=29.0, platform=XP, browserConnectionEnabled=true, nativeEvents=false, acceptSslCerts=true, webStorageEnabled=true, locationContextEnabled=true, browserName=firefox, takesScreenshot=true, javascriptEnabled=true, cssSelectorsEnabled=true}]
Session ID: d6d6de28-cc6b-401d-ad97-11c1bbc8fcc7" type="org.openqa.selenium.InvalidSelectorException">org.openqa.selenium.InvalidSelectorException: The given selector .//a[@href=&apos;&apos;https://www.google.co.in/url?sa=t&amp;rct=j&amp;q=&amp;esrc=s&amp;source=web&amp;cd=4&amp;cad=rja&amp;uact=8&amp;ved=0ahUKEwix_Ymr8PfXAhWBeCYKHT0wAaQQFghBMAM&amp;url=https%3A%2F%2Fen.wikipedia.org%2Fwiki%2FSelenium_(software)&amp;usg=AOvVaw1yXYA0TfNZVvBYIIiTpKL3] is either invalid or does not result in a WebElement. The following error occurred:
InvalidSelectorError: Unable to locate an element with the xpath expression .//a[@href=&apos;&apos;https://www.google.co.in/url?sa=t&amp;rct=j&amp;q=&amp;esrc=s&amp;source=web&amp;cd=4&amp;cad=rja&amp;uact=8&amp;ved=0ahUKEwix_Ymr8PfXAhWBeCYKHT0wAaQQFghBMAM&amp;url=https%3A%2F%2Fen.wikipedia.org%2Fwiki%2FSelenium_(software)&amp;usg=AOvVaw1yXYA0TfNZVvBYIIiTpKL3] because of the following error:
[Exception... &quot;The expression is not a legal expression.&quot;  code: &quot;12&quot; nsresult: &quot;0x805b0033 (SyntaxError)&quot;  location: &quot;&lt;unknown&gt;&quot;]
Command duration or timeout: 618 milliseconds
For documentation on this error, please visit: http://seleniumhq.org/exceptions/invalid_selector_exception.html
Build info: version: &apos;2.41.0&apos;, revision: &apos;3192d8a6c4449dc285928ba024779344f5423c58&apos;, time: &apos;2014-03-27 11:29:39&apos;
System info: host: &apos;IGTSGGN1ITS2076&apos;, ip: &apos;172.32.19.26&apos;, os.name: &apos;Windows 7&apos;, os.arch: &apos;amd64&apos;, os.version: &apos;6.1&apos;, java.version: &apos;1.8.0_92&apos;
Driver info: org.openqa.selenium.firefox.FirefoxDriver
Capabilities [{applicationCacheEnabled=true, rotatable=false, handlesAlerts=true, databaseEnabled=true, version=29.0, platform=XP, browserConnectionEnabled=true, nativeEvents=false, acceptSslCerts=true, webStorageEnabled=true, locationContextEnabled=true, browserName=firefox, takesScreenshot=true, javascriptEnabled=true, cssSelectorsEnabled=true}]
Session ID: d6d6de28-cc6b-401d-ad97-11c1bbc8fcc7
	at sun.reflect.NativeConstructorAccessorImpl.newInstance0(Native Method)
	at sun.reflect.NativeConstructorAccessorImpl.newInstance(NativeConstructorAccessorImpl.java:62)
	at sun.reflect.DelegatingConstructorAccessorImpl.newInstance(DelegatingConstructorAccessorImpl.java:45)
	at java.lang.reflect.Constructor.newInstance(Constructor.java:423)
	at org.openqa.selenium.remote.ErrorHandler.createThrowable(ErrorHandler.java:193)
	at org.openqa.selenium.remote.ErrorHandler.throwIfResponseFailed(ErrorHandler.java:145)
	at org.openqa.selenium.remote.RemoteWebDriver.execute(RemoteWebDriver.java:595)
	at org.openqa.selenium.remote.RemoteWebDriver.findElement(RemoteWebDriver.java:348)
	at org.openqa.selenium.remote.RemoteWebDriver.findElementByXPath(RemoteWebDriver.java:445)
	at org.openqa.selenium.By$ByXPath.findElement(By.java:357)
	at org.openqa.selenium.remote.RemoteWebDriver.findElement(RemoteWebDriver.java:340)
	at steps.DemoforCucumebr.clickOnThe(DemoforCucumebr.java:40)
	at ✽.Then click on the &quot;https://www.google.co.in/url?sa=t&amp;rct=j&amp;q=&amp;esrc=s&amp;source=web&amp;cd=4&amp;cad=rja&amp;uact=8&amp;ved=0ahUKEwix_Ymr8PfXAhWBeCYKHT0wAaQQFghBMAM&amp;url=https%3A%2F%2Fen.wikipedia.org%2Fwiki%2FSelenium_(software)&amp;usg=AOvVaw1yXYA0TfNZVvBYIIiTpKL3&quot;(cucumberDemo.feature:7)
Caused by: org.openqa.selenium.remote.ErrorHandler$UnknownServerException: The given selector .//a[@href=&apos;&apos;https://www.google.co.in/url?sa=t&amp;rct=j&amp;q=&amp;esrc=s&amp;source=web&amp;cd=4&amp;cad=rja&amp;uact=8&amp;ved=0ahUKEwix_Ymr8PfXAhWBeCYKHT0wAaQQFghBMAM&amp;url=https%3A%2F%2Fen.wikipedia.org%2Fwiki%2FSelenium_(software)&amp;usg=AOvVaw1yXYA0TfNZVvBYIIiTpKL3] is either invalid or does not result in a WebElement. The following error occurred:
InvalidSelectorError: Unable to locate an element with the xpath expression .//a[@href=&apos;&apos;https://www.google.co.in/url?sa=t&amp;rct=j&amp;q=&amp;esrc=s&amp;source=web&amp;cd=4&amp;cad=rja&amp;uact=8&amp;ved=0ahUKEwix_Ymr8PfXAhWBeCYKHT0wAaQQFghBMAM&amp;url=https%3A%2F%2Fen.wikipedia.org%2Fwiki%2FSelenium_(software)&amp;usg=AOvVaw1yXYA0TfNZVvBYIIiTpKL3] because of the following error:
[Exception... &quot;The expression is not a legal expression.&quot;  code: &quot;12&quot; nsresult: &quot;0x805b0033 (SyntaxError)&quot;  location: &quot;&lt;unknown&gt;&quot;]
Build info: version: &apos;2.41.0&apos;, revision: &apos;3192d8a6c4449dc285928ba024779344f5423c58&apos;, time: &apos;2014-03-27 11:29:39&apos;
System info: host: &apos;IGTSGGN1ITS2076&apos;, ip: &apos;172.32.19.26&apos;, os.name: &apos;Windows 7&apos;, os.arch: &apos;amd64&apos;, os.version: &apos;6.1&apos;, java.version: &apos;1.8.0_92&apos;
Driver info: driver.version: unknown
	at &lt;anonymous class&gt;.FirefoxDriver.annotateInvalidSelectorError_(file:///C:/Users/NAVEEN~1.SIN/AppData/Local/Temp/anonymous8638695762448091323webdriver-profile/extensions/fxdriver@googlecode.com/components/driver_component.js:8879)
	at &lt;anonymous class&gt;.FirefoxDriver.prototype.findElementInternal_(file:///C:/Users/NAVEEN~1.SIN/AppData/Local/Temp/anonymous8638695762448091323webdriver-profile/extensions/fxdriver@googlecode.com/components/driver_component.js:8910)
	at &lt;anonymous class&gt;.FirefoxDriver.prototype.findElement(file:///C:/Users/NAVEEN~1.SIN/AppData/Local/Temp/anonymous8638695762448091323webdriver-profile/extensions/fxdriver@googlecode.com/components/driver_component.js:8914)
	at &lt;anonymous class&gt;.DelayedCommand.prototype.executeInternal_/h(file:///C:/Users/NAVEEN~1.SIN/AppData/Local/Temp/anonymous8638695762448091323webdriver-profile/extensions/fxdriver@googlecode.com/components/command_processor.js:10884)
	at &lt;anonymous class&gt;.DelayedCommand.prototype.executeInternal_(file:///C:/Users/NAVEEN~1.SIN/AppData/Local/Temp/anonymous8638695762448091323webdriver-profile/extensions/fxdriver@googlecode.com/components/command_processor.js:10889)
	at &lt;anonymous class&gt;.DelayedCommand.prototype.execute/&lt;(file:///C:/Users/NAVEEN~1.SIN/AppData/Local/Temp/anonymous8638695762448091323webdriver-profile/extensions/fxdriver@googlecode.com/components/command_processor.js:10831)
</error>
  </testcase>
  <testcase classname="| selenium | https://www.google.co.in/url?sa=t&amp;rct=j&amp;q=&amp;esrc=s&amp;source=web&amp;cd=4&amp;cad=rja&amp;uact=8&amp;ved=0ahUKEwix_Ymr8PfXAhWBeCYKHT0wAaQQFghBMAM&amp;url=https%3A%2F%2Fen.wikipedia.org%2Fwiki%2FSelenium_(software)&amp;usg=AOvVaw1yXYA0TfNZVvBYIIiTpKL3 |" name="| selenium | https://www.google.co.in/url?sa=t&amp;rct=j&amp;q=&amp;esrc=s&amp;source=web&amp;cd=4&amp;cad=rja&amp;uact=8&amp;ved=0ahUKEwix_Ymr8PfXAhWBeCYKHT0wAaQQFghBMAM&amp;url=https%3A%2F%2Fen.wikipedia.org%2Fwiki%2FSelenium_" time="0.002">
    <error message="The given selector .//a[@href=&apos;&apos;https://www.google.co.in/url?sa=t&amp;rct=j&amp;q=&amp;esrc=s&amp;source=web&amp;cd=4&amp;cad=rja&amp;uact=8&amp;ved=0ahUKEwix_Ymr8PfXAhWBeCYKHT0wAaQQFghBMAM&amp;url=https%3A%2F%2Fen.wikipedia.org%2Fwiki%2FSelenium_(software)&amp;usg=AOvVaw1yXYA0TfNZVvBYIIiTpKL3] is either invalid or does not result in a WebElement. The following error occurred:
InvalidSelectorError: Unable to locate an element with the xpath expression .//a[@href=&apos;&apos;https://www.google.co.in/url?sa=t&amp;rct=j&amp;q=&amp;esrc=s&amp;source=web&amp;cd=4&amp;cad=rja&amp;uact=8&amp;ved=0ahUKEwix_Ymr8PfXAhWBeCYKHT0wAaQQFghBMAM&amp;url=https%3A%2F%2Fen.wikipedia.org%2Fwiki%2FSelenium_(software)&amp;usg=AOvVaw1yXYA0TfNZVvBYIIiTpKL3] because of the following error:
[Exception... &quot;The expression is not a legal expression.&quot;  code: &quot;12&quot; nsresult: &quot;0x805b0033 (SyntaxError)&quot;  location: &quot;&lt;unknown&gt;&quot;]
Command duration or timeout: 618 milliseconds
For documentation on this error, please visit: http://seleniumhq.org/exceptions/invalid_selector_exception.html
Build info: version: &apos;2.41.0&apos;, revision: &apos;3192d8a6c4449dc285928ba024779344f5423c58&apos;, time: &apos;2014-03-27 11:29:39&apos;
System info: host: &apos;IGTSGGN1ITS2076&apos;, ip: &apos;172.32.19.26&apos;, os.name: &apos;Windows 7&apos;, os.arch: &apos;amd64&apos;, os.version: &apos;6.1&apos;, java.version: &apos;1.8.0_92&apos;
Driver info: org.openqa.selenium.firefox.FirefoxDriver
Capabilities [{applicationCacheEnabled=true, rotatable=false, handlesAlerts=true, databaseEnabled=true, version=29.0, platform=XP, browserConnectionEnabled=true, nativeEvents=false, acceptSslCerts=true, webStorageEnabled=true, locationContextEnabled=true, browserName=firefox, takesScreenshot=true, javascriptEnabled=true, cssSelectorsEnabled=true}]
Session ID: d6d6de28-cc6b-401d-ad97-11c1bbc8fcc7" type="org.openqa.selenium.InvalidSelectorException">org.openqa.selenium.InvalidSelectorException: The given selector .//a[@href=&apos;&apos;https://www.google.co.in/url?sa=t&amp;rct=j&amp;q=&amp;esrc=s&amp;source=web&amp;cd=4&amp;cad=rja&amp;uact=8&amp;ved=0ahUKEwix_Ymr8PfXAhWBeCYKHT0wAaQQFghBMAM&amp;url=https%3A%2F%2Fen.wikipedia.org%2Fwiki%2FSelenium_(software)&amp;usg=AOvVaw1yXYA0TfNZVvBYIIiTpKL3] is either invalid or does not result in a WebElement. The following error occurred:
InvalidSelectorError: Unable to locate an element with the xpath expression .//a[@href=&apos;&apos;https://www.google.co.in/url?sa=t&amp;rct=j&amp;q=&amp;esrc=s&amp;source=web&amp;cd=4&amp;cad=rja&amp;uact=8&amp;ved=0ahUKEwix_Ymr8PfXAhWBeCYKHT0wAaQQFghBMAM&amp;url=https%3A%2F%2Fen.wikipedia.org%2Fwiki%2FSelenium_(software)&amp;usg=AOvVaw1yXYA0TfNZVvBYIIiTpKL3] because of the following error:
[Exception... &quot;The expression is not a legal expression.&quot;  code: &quot;12&quot; nsresult: &quot;0x805b0033 (SyntaxError)&quot;  location: &quot;&lt;unknown&gt;&quot;]
Command duration or timeout: 618 milliseconds
For documentation on this error, please visit: http://seleniumhq.org/exceptions/invalid_selector_exception.html
Build info: version: &apos;2.41.0&apos;, revision: &apos;3192d8a6c4449dc285928ba024779344f5423c58&apos;, time: &apos;2014-03-27 11:29:39&apos;
System info: host: &apos;IGTSGGN1ITS2076&apos;, ip: &apos;172.32.19.26&apos;, os.name: &apos;Windows 7&apos;, os.arch: &apos;amd64&apos;, os.version: &apos;6.1&apos;, java.version: &apos;1.8.0_92&apos;
Driver info: org.openqa.selenium.firefox.FirefoxDriver
Capabilities [{applicationCacheEnabled=true, rotatable=false, handlesAlerts=true, databaseEnabled=true, version=29.0, platform=XP, browserConnectionEnabled=true, nativeEvents=false, acceptSslCerts=true, webStorageEnabled=true, locationContextEnabled=true, browserName=firefox, takesScreenshot=true, javascriptEnabled=true, cssSelectorsEnabled=true}]
Session ID: d6d6de28-cc6b-401d-ad97-11c1bbc8fcc7
	at sun.reflect.NativeConstructorAccessorImpl.newInstance0(Native Method)
	at sun.reflect.NativeConstructorAccessorImpl.newInstance(NativeConstructorAccessorImpl.java:62)
	at sun.reflect.DelegatingConstructorAccessorImpl.newInstance(DelegatingConstructorAccessorImpl.java:45)
	at java.lang.reflect.Constructor.newInstance(Constructor.java:423)
	at org.openqa.selenium.remote.ErrorHandler.createThrowable(ErrorHandler.java:193)
	at org.openqa.selenium.remote.ErrorHandler.throwIfResponseFailed(ErrorHandler.java:145)
	at org.openqa.selenium.remote.RemoteWebDriver.execute(RemoteWebDriver.java:595)
	at org.openqa.selenium.remote.RemoteWebDriver.findElement(RemoteWebDriver.java:348)
	at org.openqa.selenium.remote.RemoteWebDriver.findElementByXPath(RemoteWebDriver.java:445)
	at org.openqa.selenium.By$ByXPath.findElement(By.java:357)
	at org.openqa.selenium.remote.RemoteWebDriver.findElement(RemoteWebDriver.java:340)
	at steps.DemoforCucumebr.clickOnThe(DemoforCucumebr.java:40)
	at ✽.Then click on the &quot;https://www.google.co.in/url?sa=t&amp;rct=j&amp;q=&amp;esrc=s&amp;source=web&amp;cd=4&amp;cad=rja&amp;uact=8&amp;ved=0ahUKEwix_Ymr8PfXAhWBeCYKHT0wAaQQFghBMAM&amp;url=https%3A%2F%2Fen.wikipedia.org%2Fwiki%2FSelenium_(software)&amp;usg=AOvVaw1yXYA0TfNZVvBYIIiTpKL3&quot;(cucumberDemo.feature:7)
Caused by: org.openqa.selenium.remote.ErrorHandler$UnknownServerException: The given selector .//a[@href=&apos;&apos;https://www.google.co.in/url?sa=t&amp;rct=j&amp;q=&amp;esrc=s&amp;source=web&amp;cd=4&amp;cad=rja&amp;uact=8&amp;ved=0ahUKEwix_Ymr8PfXAhWBeCYKHT0wAaQQFghBMAM&amp;url=https%3A%2F%2Fen.wikipedia.org%2Fwiki%2FSelenium_(software)&amp;usg=AOvVaw1yXYA0TfNZVvBYIIiTpKL3] is either invalid or does not result in a WebElement. The following error occurred:
InvalidSelectorError: Unable to locate an element with the xpath expression .//a[@href=&apos;&apos;https://www.google.co.in/url?sa=t&amp;rct=j&amp;q=&amp;esrc=s&amp;source=web&amp;cd=4&amp;cad=rja&amp;uact=8&amp;ved=0ahUKEwix_Ymr8PfXAhWBeCYKHT0wAaQQFghBMAM&amp;url=https%3A%2F%2Fen.wikipedia.org%2Fwiki%2FSelenium_(software)&amp;usg=AOvVaw1yXYA0TfNZVvBYIIiTpKL3] because of the following error:
[Exception... &quot;The expression is not a legal expression.&quot;  code: &quot;12&quot; nsresult: &quot;0x805b0033 (SyntaxError)&quot;  location: &quot;&lt;unknown&gt;&quot;]
Build info: version: &apos;2.41.0&apos;, revision: &apos;3192d8a6c4449dc285928ba024779344f5423c58&apos;, time: &apos;2014-03-27 11:29:39&apos;
System info: host: &apos;IGTSGGN1ITS2076&apos;, ip: &apos;172.32.19.26&apos;, os.name: &apos;Windows 7&apos;, os.arch: &apos;amd64&apos;, os.version: &apos;6.1&apos;, java.version: &apos;1.8.0_92&apos;
Driver info: driver.version: unknown
	at &lt;anonymous class&gt;.FirefoxDriver.annotateInvalidSelectorError_(file:///C:/Users/NAVEEN~1.SIN/AppData/Local/Temp/anonymous8638695762448091323webdriver-profile/extensions/fxdriver@googlecode.com/components/driver_component.js:8879)
	at &lt;anonymous class&gt;.FirefoxDriver.prototype.findElementInternal_(file:///C:/Users/NAVEEN~1.SIN/AppData/Local/Temp/anonymous8638695762448091323webdriver-profile/extensions/fxdriver@googlecode.com/components/driver_component.js:8910)
	at &lt;anonymous class&gt;.FirefoxDriver.prototype.findElement(file:///C:/Users/NAVEEN~1.SIN/AppData/Local/Temp/anonymous8638695762448091323webdriver-profile/extensions/fxdriver@googlecode.com/components/driver_component.js:8914)
	at &lt;anonymous class&gt;.DelayedCommand.prototype.executeInternal_/h(file:///C:/Users/NAVEEN~1.SIN/AppData/Local/Temp/anonymous8638695762448091323webdriver-profile/extensions/fxdriver@googlecode.com/components/command_processor.js:10884)
	at &lt;anonymous class&gt;.DelayedCommand.prototype.executeInternal_(file:///C:/Users/NAVEEN~1.SIN/AppData/Local/Temp/anonymous8638695762448091323webdriver-profile/extensions/fxdriver@googlecode.com/components/command_processor.js:10889)
	at &lt;anonymous class&gt;.DelayedCommand.prototype.execute/&lt;(file:///C:/Users/NAVEEN~1.SIN/AppData/Local/Temp/anonymous8638695762448091323webdriver-profile/extensions/fxdriver@googlecode.com/components/command_processor.js:10831)
</error>
  </testcase>
</testsuite>